<?xml version="1.0" encoding="UTF-8"?>
<testng-results skipped="0" failed="0" ignored="0" total="2" passed="2">
  <reporter-output>
  </reporter-output>
  <suite name="qaclickacademy.AppiumTest" duration-ms="45" started-at="2022-01-23T21:40:09Z" finished-at="2022-01-23T21:40:09Z">
    <groups>
    </groups>
    <test name="Command line test" duration-ms="45" started-at="2022-01-23T21:40:09Z" finished-at="2022-01-23T21:40:09Z">
      <class name="qaclickacademy.AppiumTest">
        <test-method status="PASS" signature="IOSApps()[pri:0, instance:qaclickacademy.AppiumTest@fb434]" name="IOSApps" duration-ms="7" started-at="2022-01-23T22:40:09Z" finished-at="2022-01-23T22:40:09Z">
          <reporter-output>
          </reporter-output>
        </test-method> <!-- IOSApps -->
        <test-method status="PASS" signature="NativeAPpAndroid()[pri:0, instance:qaclickacademy.AppiumTest@fb434]" name="NativeAPpAndroid" duration-ms="0" started-at="2022-01-23T22:40:09Z" finished-at="2022-01-23T22:40:09Z">
          <reporter-output>
          </reporter-output>
        </test-method> <!-- NativeAPpAndroid -->
      </class> <!-- qaclickacademy.AppiumTest -->
    </test> <!-- Command line test -->
  </suite> <!-- qaclickacademy.AppiumTest -->
</testng-results>
